<?xml version="1.0" encoding="UTF-8"?>
<!-- Generated by org.testng.reporters.JUnitXMLReporter -->
<testsuite ignored="0" hostname="DELL-C0HKRC2" failures="3" tests="3" name="Test" time="23.611" errors="0" timestamp="2022-04-27T20:38:05 ART">
  <testcase classname="pruebas.Laboratorio8" name="login" time="7.675">
    <failure type="java.lang.AssertionError" message="expected [http://automationpractice.com/index.php?controller=authentication] but found [http://automationpractice.com/index.php?controller=my-account]">
      <![CDATA[java.lang.AssertionError: expected [http://automationpractice.com/index.php?controller=authentication] but found [http://automationpractice.com/index.php?controller=my-account]
at pruebas.Laboratorio8.login(Laboratorio8.java:40)
at java.base/java.util.ArrayList.forEach(ArrayList.java:1540)
... Removed 33 stack frames]]>
    </failure>
  </testcase> <!-- login -->
  <testcase classname="pruebas.Laboratorio8" name="login" time="9.485">
    <failure type="java.lang.AssertionError" message="expected [http://automationpractice.com/index.php?controller=authentication] but found [http://automationpractice.com/index.php?controller=my-account]">
      <![CDATA[java.lang.AssertionError: expected [http://automationpractice.com/index.php?controller=authentication] but found [http://automationpractice.com/index.php?controller=my-account]
at pruebas.Laboratorio8.login(Laboratorio8.java:40)
at java.base/java.util.ArrayList.forEach(ArrayList.java:1540)
... Removed 33 stack frames]]>
    </failure>
  </testcase> <!-- login -->
  <testcase classname="pruebas.Laboratorio8" name="login" time="6.319">
    <failure type="java.lang.AssertionError" message="expected [http://automationpractice.com/index.php?controller=authentication] but found [http://automationpractice.com/index.php?controller=my-account]">
      <![CDATA[java.lang.AssertionError: expected [http://automationpractice.com/index.php?controller=authentication] but found [http://automationpractice.com/index.php?controller=my-account]
at pruebas.Laboratorio8.login(Laboratorio8.java:40)
at java.base/java.util.ArrayList.forEach(ArrayList.java:1540)
... Removed 33 stack frames]]>
    </failure>
  </testcase> <!-- login -->
</testsuite> <!-- Test -->
